#
# There is insufficient memory for the Java Runtime Environment to continue.
# Native memory allocation (malloc) failed to allocate 821776 bytes. Error detail: Chunk::new
# Possible reasons:
#   The system is out of physical RAM or swap space
#   This process is running with CompressedOops enabled, and the Java Heap may be blocking the growth of the native heap
# Possible solutions:
#   Reduce memory load on the system
#   Increase physical memory or swap space
#   Check if swap backing store is full
#   Decrease Java heap size (-Xmx/-Xms)
#   Decrease number of Java threads
#   Decrease Java thread stack sizes (-Xss)
#   Set larger code cache with -XX:ReservedCodeCacheSize=
#   JVM is running with Unscaled Compressed Oops mode in which the Java heap is
#     placed in the first 4GB address space. The Java Heap base address is the
#     maximum limit for the native heap growth. Please use -XX:HeapBaseMinAddress
#     to set the Java Heap base and to place the Java Heap above 4GB virtual address.
# This output file may be truncated or incomplete.
#
#  Out of Memory Error (arena.cpp:168), pid=12356, tid=13940
#
# JRE version: OpenJDK Runtime Environment Temurin-21.0.10+7 (21.0.10+7) (build 21.0.10+7-LTS)
# Java VM: OpenJDK 64-Bit Server VM Temurin-21.0.10+7 (21.0.10+7-LTS, mixed mode, sharing, tiered, compressed oops, compressed class ptrs, parallel gc, windows-amd64)
# No core dump will be written. Minidumps are not enabled by default on client versions of Windows
#

---------------  S U M M A R Y ------------

Command Line: --add-modules=ALL-SYSTEM --add-opens=java.base/java.util=ALL-UNNAMED --add-opens=java.base/java.lang=ALL-UNNAMED --add-opens=java.base/sun.nio.fs=ALL-UNNAMED -Declipse.application=org.eclipse.jdt.ls.core.id1 -Dosgi.bundles.defaultStartLevel=4 -Declipse.product=org.eclipse.jdt.ls.core.product -Djava.import.generatesMetadataFilesAtProjectRoot=false -DDetectVMInstallationsJob.disabled=true -Dfile.encoding=utf8 -XX:+UseParallelGC -XX:GCTimeRatio=4 -XX:AdaptiveSizePolicyWeight=90 -Dsun.zip.disableMemoryMapping=true -Xmx2G -Xms100m -Xlog:disable -javaagent:c:\Users\Juan Alzate\.vscode\extensions\redhat.java-1.54.0-win32-x64\lombok\lombok-1.18.39-4050.jar -XX:+HeapDumpOnOutOfMemoryError -XX:HeapDumpPath=c:\Users\Juan Alzate\AppData\Roaming\Code\User\workspaceStorage\65aa75abc7ef8efe31f56fd2f5d30c46\redhat.java -Daether.dependencyCollector.impl=bf c:\Users\Juan Alzate\.vscode\extensions\redhat.java-1.54.0-win32-x64\server\plugins\org.eclipse.equinox.launcher_1.7.100.v20251111-0406.jar -configuration c:\Users\Juan Alzate\AppData\Roaming\Code\User\globalStorage\redhat.java\1.54.0\config_win -data c:\Users\Juan Alzate\AppData\Roaming\Code\User\workspaceStorage\65aa75abc7ef8efe31f56fd2f5d30c46\redhat.java\jdt_ws --pipe=\\.\pipe\lsp-769abd2e07d29cceec95b7100bad0d21-sock

Host: Intel(R) Core(TM) i3-N305, 8 cores, 7G,  Windows 10 , 64 bit Build 19041 (10.0.19041.5915)
Time: Mon Apr 20 11:06:54 2026 Hora est. Pacífico, Sudamérica elapsed time: 35.490261 seconds (0d 0h 0m 35s)

---------------  T H R E A D  ---------------

Current thread (0x0000021be63e1020):  JavaThread "C2 CompilerThread1" daemon [_thread_in_native, id=13940, stack(0x00000063f9100000,0x00000063f9200000) (1024K)]


Current CompileTask:
C2:35490 11890       4       org.eclipse.jdt.internal.compiler.lookup.LookupEnvironment::getTypeFromTypeSignature (770 bytes)

Stack: [0x00000063f9100000,0x00000063f9200000]
Native frames: (J=compiled Java code, j=interpreted, Vv=VM code, C=native code)
V  [jvm.dll+0x6d7a39]
V  [jvm.dll+0x8b4b26]
V  [jvm.dll+0x8b70de]
V  [jvm.dll+0x8b77c3]
V  [jvm.dll+0x284346]
V  [jvm.dll+0xc66ed]
V  [jvm.dll+0xc6c31]
V  [jvm.dll+0x2fb29e]
V  [jvm.dll+0x5fe884]
V  [jvm.dll+0x255b17]
V  [jvm.dll+0x24dc0b]
V  [jvm.dll+0x24ba42]
V  [jvm.dll+0x1cb34e]
V  [jvm.dll+0x25b85d]
V  [jvm.dll+0x259dea]
V  [jvm.dll+0x3f857e]
V  [jvm.dll+0x85f59d]
V  [jvm.dll+0x6d626d]
C  [ucrtbase.dll+0x21bb2]
C  [KERNEL32.DLL+0x17374]
C  [ntdll.dll+0x4cc91]


---------------  P R O C E S S  ---------------

Threads class SMR info:
_java_thread_list=0x0000021be20c75f0, length=50, elements={
0x0000021bc50ce750, 0x0000021bdbb3cf50, 0x0000021bdbb40fd0, 0x0000021bdbb43c40,
0x0000021bdbb47860, 0x0000021bdbb48a60, 0x0000021bdbb494c0, 0x0000021bdbb4a300,
0x0000021bdd44c830, 0x0000021bdd60e720, 0x0000021bdd735440, 0x0000021be26ad490,
0x0000021be26f7460, 0x0000021be26ea400, 0x0000021be26eb250, 0x0000021be2e3bad0,
0x0000021be34ea480, 0x0000021be33e7360, 0x0000021be2e8b490, 0x0000021be2e88d30,
0x0000021be2e8bb20, 0x0000021be2e893c0, 0x0000021be2e8ae00, 0x0000021be2e8c1b0,
0x0000021be2e89a50, 0x0000021be2e8a0e0, 0x0000021be2e8a770, 0x0000021be4c555d0,
0x0000021be4c57010, 0x0000021be4c562f0, 0x0000021be4c58a50, 0x0000021be4c5b1b0,
0x0000021be4c56980, 0x0000021be4c590e0, 0x0000021be4c576a0, 0x0000021be4c5b840,
0x0000021be4c54f40, 0x0000021be4c57d30, 0x0000021be4c548b0, 0x0000021be4c583c0,
0x0000021be4c59770, 0x0000021be4c5bed0, 0x0000021be4c5ab20, 0x0000021be4537ec0,
0x0000021be4531c50, 0x0000021be45322e0, 0x0000021be63e1020, 0x0000021be4533000,
0x0000021be4533690, 0x0000021be4535df0
}

Java Threads: ( => current thread )
  0x0000021bc50ce750 JavaThread "main"                              [_thread_blocked, id=9568, stack(0x00000063f5700000,0x00000063f5800000) (1024K)]
  0x0000021bdbb3cf50 JavaThread "Reference Handler"          daemon [_thread_blocked, id=9032, stack(0x00000063f5b00000,0x00000063f5c00000) (1024K)]
  0x0000021bdbb40fd0 JavaThread "Finalizer"                  daemon [_thread_blocked, id=8272, stack(0x00000063f5c00000,0x00000063f5d00000) (1024K)]
  0x0000021bdbb43c40 JavaThread "Signal Dispatcher"          daemon [_thread_blocked, id=10112, stack(0x00000063f5d00000,0x00000063f5e00000) (1024K)]
  0x0000021bdbb47860 JavaThread "Attach Listener"            daemon [_thread_blocked, id=11352, stack(0x00000063f5e00000,0x00000063f5f00000) (1024K)]
  0x0000021bdbb48a60 JavaThread "Service Thread"             daemon [_thread_blocked, id=820, stack(0x00000063f5f00000,0x00000063f6000000) (1024K)]
  0x0000021bdbb494c0 JavaThread "Monitor Deflation Thread"   daemon [_thread_blocked, id=9688, stack(0x00000063f6000000,0x00000063f6100000) (1024K)]
  0x0000021bdbb4a300 JavaThread "C2 CompilerThread0"         daemon [_thread_in_native, id=9128, stack(0x00000063f6100000,0x00000063f6200000) (1024K)]
  0x0000021bdd44c830 JavaThread "C1 CompilerThread0"         daemon [_thread_in_native, id=8824, stack(0x00000063f6200000,0x00000063f6300000) (1024K)]
  0x0000021bdd60e720 JavaThread "Common-Cleaner"             daemon [_thread_blocked, id=9364, stack(0x00000063f6400000,0x00000063f6500000) (1024K)]
  0x0000021bdd735440 JavaThread "Notification Thread"        daemon [_thread_blocked, id=9700, stack(0x00000063f6500000,0x00000063f6600000) (1024K)]
  0x0000021be26ad490 JavaThread "Active Thread: Equinox Container: f716b88b-5ba3-4973-994b-0b77ae60fc23"        [_thread_blocked, id=6368, stack(0x00000063f6d00000,0x00000063f6e00000) (1024K)]
  0x0000021be26f7460 JavaThread "Refresh Thread: Equinox Container: f716b88b-5ba3-4973-994b-0b77ae60fc23" daemon [_thread_blocked, id=7924, stack(0x00000063f6f00000,0x00000063f7000000) (1024K)]
  0x0000021be26ea400 JavaThread "Framework Event Dispatcher: Equinox Container: f716b88b-5ba3-4973-994b-0b77ae60fc23" daemon [_thread_blocked, id=11596, stack(0x00000063f7000000,0x00000063f7100000) (1024K)]
  0x0000021be26eb250 JavaThread "Start Level: Equinox Container: f716b88b-5ba3-4973-994b-0b77ae60fc23" daemon [_thread_blocked, id=12064, stack(0x00000063f7100000,0x00000063f7200000) (1024K)]
  0x0000021be2e3bad0 JavaThread "Bundle File Closer"         daemon [_thread_blocked, id=2628, stack(0x00000063f7200000,0x00000063f7300000) (1024K)]
  0x0000021be34ea480 JavaThread "SCR Component Actor"        daemon [_thread_blocked, id=3280, stack(0x00000063f6300000,0x00000063f6400000) (1024K)]
  0x0000021be33e7360 JavaThread "Worker-JM"                         [_thread_blocked, id=5980, stack(0x00000063f7400000,0x00000063f7500000) (1024K)]
  0x0000021be2e8b490 JavaThread "JNA Cleaner"                daemon [_thread_blocked, id=1796, stack(0x00000063f7300000,0x00000063f7400000) (1024K)]
  0x0000021be2e88d30 JavaThread "Worker-0"                          [_thread_blocked, id=9716, stack(0x00000063f7500000,0x00000063f7600000) (1024K)]
  0x0000021be2e8bb20 JavaThread "Worker-1"                          [_thread_blocked, id=10336, stack(0x00000063f7600000,0x00000063f7700000) (1024K)]
  0x0000021be2e893c0 JavaThread "Java indexing"              daemon [_thread_blocked, id=10376, stack(0x00000063f7700000,0x00000063f7800000) (1024K)]
  0x0000021be2e8ae00 JavaThread "Worker-2"                          [_thread_blocked, id=12456, stack(0x00000063f7a00000,0x00000063f7b00000) (1024K)]
  0x0000021be2e8c1b0 JavaThread "Worker-3"                          [_thread_blocked, id=10800, stack(0x00000063f7b00000,0x00000063f7c00000) (1024K)]
  0x0000021be2e89a50 JavaThread "Thread-1"                   daemon [_thread_in_native, id=10196, stack(0x00000063f7c00000,0x00000063f7d00000) (1024K)]
  0x0000021be2e8a0e0 JavaThread "Thread-2"                   daemon [_thread_in_native, id=4948, stack(0x00000063f7d00000,0x00000063f7e00000) (1024K)]
  0x0000021be2e8a770 JavaThread "Thread-3"                   daemon [_thread_in_native, id=12988, stack(0x00000063f7e00000,0x00000063f7f00000) (1024K)]
  0x0000021be4c555d0 JavaThread "Thread-4"                   daemon [_thread_in_native, id=12936, stack(0x00000063f7f00000,0x00000063f8000000) (1024K)]
  0x0000021be4c57010 JavaThread "Thread-5"                   daemon [_thread_in_native, id=8472, stack(0x00000063f8000000,0x00000063f8100000) (1024K)]
  0x0000021be4c562f0 JavaThread "Thread-6"                   daemon [_thread_in_native, id=2524, stack(0x00000063f8100000,0x00000063f8200000) (1024K)]
  0x0000021be4c58a50 JavaThread "Thread-7"                   daemon [_thread_in_native, id=10828, stack(0x00000063f8200000,0x00000063f8300000) (1024K)]
  0x0000021be4c5b1b0 JavaThread "Thread-8"                   daemon [_thread_in_native, id=12916, stack(0x00000063f8300000,0x00000063f8400000) (1024K)]
  0x0000021be4c56980 JavaThread "Thread-9"                   daemon [_thread_in_native, id=9704, stack(0x00000063f8400000,0x00000063f8500000) (1024K)]
  0x0000021be4c590e0 JavaThread "pool-2-thread-1"                   [_thread_blocked, id=12224, stack(0x00000063f8500000,0x00000063f8600000) (1024K)]
  0x0000021be4c576a0 JavaThread "WorkspaceEventsHandler"            [_thread_blocked, id=4500, stack(0x00000063f8600000,0x00000063f8700000) (1024K)]
  0x0000021be4c5b840 JavaThread "pool-1-thread-1"                   [_thread_blocked, id=12044, stack(0x00000063f8700000,0x00000063f8800000) (1024K)]
  0x0000021be4c54f40 JavaThread "ForkJoinPool.commonPool-worker-1" daemon [_thread_blocked, id=444, stack(0x00000063f8800000,0x00000063f8900000) (1024K)]
  0x0000021be4c57d30 JavaThread "ForkJoinPool.commonPool-worker-2" daemon [_thread_blocked, id=7264, stack(0x00000063f8900000,0x00000063f8a00000) (1024K)]
  0x0000021be4c548b0 JavaThread "ForkJoinPool.commonPool-worker-3" daemon [_thread_blocked, id=10976, stack(0x00000063f8a00000,0x00000063f8b00000) (1024K)]
  0x0000021be4c583c0 JavaThread "ForkJoinPool.commonPool-worker-5" daemon [_thread_blocked, id=12840, stack(0x00000063f8b00000,0x00000063f8c00000) (1024K)]
  0x0000021be4c59770 JavaThread "ForkJoinPool.commonPool-worker-4" daemon [_thread_blocked, id=11248, stack(0x00000063f8c00000,0x00000063f8d00000) (1024K)]
  0x0000021be4c5bed0 JavaThread "ForkJoinPool.commonPool-worker-6" daemon [_thread_blocked, id=13316, stack(0x00000063f8d00000,0x00000063f8e00000) (1024K)]
  0x0000021be4c5ab20 JavaThread "ForkJoinPool.commonPool-worker-7" daemon [_thread_blocked, id=13324, stack(0x00000063f8e00000,0x00000063f8f00000) (1024K)]
  0x0000021be4537ec0 JavaThread "Worker-4"                          [_thread_blocked, id=1252, stack(0x00000063f8f00000,0x00000063f9000000) (1024K)]
  0x0000021be4531c50 JavaThread "Cleaner-0"                  daemon [_thread_blocked, id=3192, stack(0x00000063f9000000,0x00000063f9100000) (1024K)]
  0x0000021be45322e0 JavaThread "Worker-5: Building"                [_thread_in_Java, id=13760, stack(0x00000063f6600000,0x00000063f6700000) (1024K)]
=>0x0000021be63e1020 JavaThread "C2 CompilerThread1"         daemon [_thread_in_native, id=13940, stack(0x00000063f9100000,0x00000063f9200000) (1024K)]
  0x0000021be4533000 JavaThread "Compiler Source File Reader" daemon [_thread_blocked, id=14028, stack(0x00000063f9200000,0x00000063f9300000) (1024K)]
  0x0000021be4533690 JavaThread "Compiler Processing Task"   daemon [_thread_blocked, id=1800, stack(0x00000063f9300000,0x00000063f9400000) (1024K)]
  0x0000021be4535df0 JavaThread "Compiler Source File Reader" daemon [_thread_blocked, id=5076, stack(0x00000063f9400000,0x00000063f9500000) (1024K)]
Total: 50

Other Threads:
  0x0000021bdbb21560 VMThread "VM Thread"                           [id=5552, stack(0x00000063f5a00000,0x00000063f5b00000) (1024K)]
  0x0000021bc51939c0 WatcherThread "VM Periodic Task Thread"        [id=8988, stack(0x00000063f5900000,0x00000063f5a00000) (1024K)]
  0x0000021bc50ec900 WorkerThread "GC Thread#0"                     [id=4776, stack(0x00000063f5800000,0x00000063f5900000) (1024K)]
  0x0000021be29597a0 WorkerThread "GC Thread#1"                     [id=12496, stack(0x00000063f6700000,0x00000063f6800000) (1024K)]
  0x0000021be2959b50 WorkerThread "GC Thread#2"                     [id=1748, stack(0x00000063f6800000,0x00000063f6900000) (1024K)]
  0x0000021be2959f00 WorkerThread "GC Thread#3"                     [id=4744, stack(0x00000063f6900000,0x00000063f6a00000) (1024K)]
  0x0000021be23919f0 WorkerThread "GC Thread#4"                     [id=12004, stack(0x00000063f6a00000,0x00000063f6b00000) (1024K)]
  0x0000021be2391da0 WorkerThread "GC Thread#5"                     [id=10904, stack(0x00000063f6b00000,0x00000063f6c00000) (1024K)]
  0x0000021be29665d0 WorkerThread "GC Thread#6"                     [id=12516, stack(0x00000063f6c00000,0x00000063f6d00000) (1024K)]
  0x0000021be28f24d0 WorkerThread "GC Thread#7"                     [id=11388, stack(0x00000063f6e00000,0x00000063f6f00000) (1024K)]
Total: 10

Threads with active compile tasks:
C2 CompilerThread0  35507 12036       4       java.net.URI$Parser::parseHierarchical (178 bytes)
C2 CompilerThread1  35507 11890       4       org.eclipse.jdt.internal.compiler.lookup.LookupEnvironment::getTypeFromTypeSignature (770 bytes)
Total: 2

VM state: not at safepoint (normal execution)

VM Mutex/Monitor currently owned by a thread: None

Heap address: 0x0000000080000000, size: 2048 MB, Compressed Oops mode: 32-bit

CDS archive(s) mapped at: [0x0000021b80000000-0x0000021b80ba0000-0x0000021b80ba0000), size 12189696, SharedBaseAddress: 0x0000021b80000000, ArchiveRelocationMode: 1.
Compressed class space mapped at: 0x0000021b81000000-0x0000021bc1000000, reserved size: 1073741824
Narrow klass base: 0x0000021b80000000, Narrow klass shift: 0, Narrow klass range: 0x100000000

GC Precious Log:
 CardTable entry size: 512
 CPUs: 8 total, 8 available
 Memory: 7865M
 Large Page Support: Disabled
 NUMA Support: Disabled
 Compressed Oops: Enabled (32-bit)
 Alignments: Space 512K, Generation 512K, Heap 2M
 Heap Min Capacity: 100M
 Heap Initial Capacity: 100M
 Heap Max Capacity: 2G
 Pre-touch: Disabled
 Parallel Workers: 8

Heap:
 PSYoungGen      total 18944K, used 3253K [0x00000000d5580000, 0x00000000d6980000, 0x0000000100000000)
  eden space 17408K, 9% used [0x00000000d5580000,0x00000000d572efb8,0x00000000d6680000)
  from space 1536K, 99% used [0x00000000d6800000,0x00000000d697e448,0x00000000d6980000)
  to   space 1024K, 0% used [0x00000000d6680000,0x00000000d6680000,0x00000000d6780000)
 ParOldGen       total 76288K, used 76242K [0x0000000080000000, 0x0000000084a80000, 0x00000000d5580000)
  object space 76288K, 99% used [0x0000000080000000,0x0000000084a74bc0,0x0000000084a80000)
 Metaspace       used 70478K, committed 72128K, reserved 1114112K
  class space    used 7493K, committed 8192K, reserved 1048576K

Card table byte_map: [0x0000021bc4aa0000,0x0000021bc4eb0000] _byte_map_base: 0x0000021bc46a0000

Marking Bits: (ParMarkBitMap*) 0x00007fffb0173450
 Begin Bits: [0x0000021bd7590000, 0x0000021bd9590000)
 End Bits:   [0x0000021bd9590000, 0x0000021bdb590000)

Polling page: 0x0000021bc2fc0000

Metaspace:

Usage:
  Non-class:     61.51 MB used.
      Class:      7.32 MB used.
       Both:     68.83 MB used.

Virtual space:
  Non-class space:       64.00 MB reserved,      62.44 MB ( 98%) committed,  1 nodes.
      Class space:        1.00 GB reserved,       8.00 MB ( <1%) committed,  1 nodes.
             Both:        1.06 GB reserved,      70.44 MB (  6%) committed. 

Chunk freelists:
   Non-Class:  1.19 MB
       Class:  7.85 MB
        Both:  9.04 MB

MaxMetaspaceSize: unlimited
CompressedClassSpaceSize: 1.00 GB
Initial GC threshold: 21.00 MB
Current GC threshold: 97.31 MB
CDS: on
 - commit_granule_bytes: 65536.
 - commit_granule_words: 8192.
 - virtual_space_node_default_size: 8388608.
 - enlarge_chunks_in_place: 1.
 - use_allocation_guard: 0.


Internal statistics:

num_allocs_failed_limit: 9.
num_arena_births: 1332.
num_arena_deaths: 22.
num_vsnodes_births: 2.
num_vsnodes_deaths: 0.
num_space_committed: 1127.
num_space_uncommitted: 0.
num_chunks_returned_to_freelist: 35.
num_chunks_taken_from_freelist: 4646.
num_chunk_merges: 20.
num_chunk_splits: 2899.
num_chunks_enlarged: 1689.
num_inconsistent_stats: 0.

CodeHeap 'non-profiled nmethods': size=120000Kb used=7796Kb max_used=7796Kb free=112203Kb
 bounds [0x0000021bcfdb0000, 0x0000021bd0550000, 0x0000021bd72e0000]
CodeHeap 'profiled nmethods': size=120000Kb used=25838Kb max_used=25838Kb free=94161Kb
 bounds [0x0000021bc82e0000, 0x0000021bc9c20000, 0x0000021bcf810000]
CodeHeap 'non-nmethods': size=5760Kb used=1456Kb max_used=1529Kb free=4303Kb
 bounds [0x0000021bcf810000, 0x0000021bcfa80000, 0x0000021bcfdb0000]
CodeCache: size=245760Kb, used=35090Kb, max_used=35163Kb, free=210667Kb
 total_blobs=12055, nmethods=11276, adapters=684, full_count=0
Compilation: enabled, stopped_count=0, restarted_count=0

Compilation events (20 events):
Event: 35.478 Thread 0x0000021bdd44c830 12020       3       lombok.bytecode.ClassFileMetaData::decodeString (181 bytes)
Event: 35.478 Thread 0x0000021bdd44c830 nmethod 12020 0x0000021bc9c0c790 code [0x0000021bc9c0c960, 0x0000021bc9c0ce40]
Event: 35.478 Thread 0x0000021bdd44c830 12021       3       lombok.bytecode.ClassFileMetaData::readValue (27 bytes)
Event: 35.478 Thread 0x0000021bdd44c830 nmethod 12021 0x0000021bc9c0d090 code [0x0000021bc9c0d240, 0x0000021bc9c0d3b0]
Event: 35.481 Thread 0x0000021bdbb4a300 nmethod 11787 0x0000021bd0548d10 code [0x0000021bd0548ec0, 0x0000021bd0549178]
Event: 35.481 Thread 0x0000021bdbb4a300 11970       4       org.eclipse.jdt.internal.compiler.lookup.TypeBinding::notEquals (76 bytes)
Event: 35.481 Thread 0x0000021bdbb4a300 nmethod 11970 0x0000021bd0549390 code [0x0000021bd0549520, 0x0000021bd05495e0]
Event: 35.481 Thread 0x0000021bdbb4a300 11790       4       org.eclipse.jdt.internal.compiler.lookup.SignatureWrapper::computeEnd (248 bytes)
Event: 35.482 Thread 0x0000021bdd44c830 12022   !   3       org.eclipse.jdt.internal.core.builder.ClasspathJar::cleanup (175 bytes)
Event: 35.483 Thread 0x0000021bdd44c830 nmethod 12022 0x0000021bc9c0d490 code [0x0000021bc9c0d860, 0x0000021bc9c0ed50]
Event: 35.484 Thread 0x0000021bdd44c830 12023   !   3       org.slf4j.LoggerFactory::getProvider (101 bytes)
Event: 35.484 Thread 0x0000021bdd44c830 nmethod 12023 0x0000021bc9c0f610 code [0x0000021bc9c0f840, 0x0000021bc9c0fe78]
Event: 35.485 Thread 0x0000021bdd44c830 12024       1       org.eclipse.core.internal.resources.ResourceInfo::getNodeId (5 bytes)
Event: 35.485 Thread 0x0000021bdd44c830 nmethod 12024 0x0000021bd0549690 code [0x0000021bd0549820, 0x0000021bd05498f0]
Event: 35.485 Thread 0x0000021bdd44c830 12026       1       java.lang.invoke.DirectMethodHandle$Special::isInvokeSpecial (2 bytes)
Event: 35.486 Thread 0x0000021bdd44c830 nmethod 12026 0x0000021bd0549c90 code [0x0000021bd0549e20, 0x0000021bd0549ee8]
Event: 35.487 Thread 0x0000021bdbb4a300 nmethod 11790 0x0000021bd0549f90 code [0x0000021bd054a120, 0x0000021bd054a450]
Event: 35.487 Thread 0x0000021bdbb4a300 11816   !   4       jdk.internal.ref.PhantomCleanable::insert (53 bytes)
Event: 35.488 Thread 0x0000021bdbb4a300 nmethod 11816 0x0000021bd054a610 code [0x0000021bd054a7a0, 0x0000021bd054aa28]
Event: 35.488 Thread 0x0000021bdbb4a300 11848       4       jdk.internal.ref.PhantomCleanable::<init> (49 bytes)

GC Heap History (20 events):
Event: 30.860 GC heap before
{Heap before GC invocations=66 (full 3):
 PSYoungGen      total 19456K, used 19455K [0x00000000d5580000, 0x00000000d6e00000, 0x0000000100000000)
  eden space 18432K, 100% used [0x00000000d5580000,0x00000000d6780000,0x00000000d6780000)
  from space 1024K, 99% used [0x00000000d6a80000,0x00000000d6b7fe60,0x00000000d6b80000)
  to   space 3072K, 0% used [0x00000000d6780000,0x00000000d6780000,0x00000000d6a80000)
 ParOldGen       total 74240K, used 65029K [0x0000000080000000, 0x0000000084880000, 0x00000000d5580000)
  object space 74240K, 87% used [0x0000000080000000,0x0000000083f81470,0x0000000084880000)
 Metaspace       used 64615K, committed 66176K, reserved 1114112K
  class space    used 6841K, committed 7488K, reserved 1048576K
}
Event: 30.863 GC heap after
{Heap after GC invocations=66 (full 3):
 PSYoungGen      total 20480K, used 1924K [0x00000000d5580000, 0x00000000d6b80000, 0x0000000100000000)
  eden space 18432K, 0% used [0x00000000d5580000,0x00000000d5580000,0x00000000d6780000)
  from space 2048K, 93% used [0x00000000d6780000,0x00000000d6961210,0x00000000d6980000)
  to   space 2048K, 0% used [0x00000000d6980000,0x00000000d6980000,0x00000000d6b80000)
 ParOldGen       total 74240K, used 65799K [0x0000000080000000, 0x0000000084880000, 0x00000000d5580000)
  object space 74240K, 88% used [0x0000000080000000,0x0000000084041f60,0x0000000084880000)
 Metaspace       used 64615K, committed 66176K, reserved 1114112K
  class space    used 6841K, committed 7488K, reserved 1048576K
}
Event: 31.162 GC heap before
{Heap before GC invocations=67 (full 3):
 PSYoungGen      total 20480K, used 20294K [0x00000000d5580000, 0x00000000d6b80000, 0x0000000100000000)
  eden space 18432K, 99% used [0x00000000d5580000,0x00000000d67708b0,0x00000000d6780000)
  from space 2048K, 93% used [0x00000000d6780000,0x00000000d6961210,0x00000000d6980000)
  to   space 2048K, 0% used [0x00000000d6980000,0x00000000d6980000,0x00000000d6b80000)
 ParOldGen       total 74240K, used 65799K [0x0000000080000000, 0x0000000084880000, 0x00000000d5580000)
  object space 74240K, 88% used [0x0000000080000000,0x0000000084041f60,0x0000000084880000)
 Metaspace       used 65459K, committed 67008K, reserved 1114112K
  class space    used 6931K, committed 7552K, reserved 1048576K
}
Event: 31.164 GC heap after
{Heap after GC invocations=67 (full 3):
 PSYoungGen      total 20480K, used 1625K [0x00000000d5580000, 0x00000000d6b80000, 0x0000000100000000)
  eden space 18432K, 0% used [0x00000000d5580000,0x00000000d5580000,0x00000000d6780000)
  from space 2048K, 79% used [0x00000000d6980000,0x00000000d6b16688,0x00000000d6b80000)
  to   space 2048K, 0% used [0x00000000d6780000,0x00000000d6780000,0x00000000d6980000)
 ParOldGen       total 74240K, used 67503K [0x0000000080000000, 0x0000000084880000, 0x00000000d5580000)
  object space 74240K, 90% used [0x0000000080000000,0x00000000841ebc78,0x0000000084880000)
 Metaspace       used 65459K, committed 67008K, reserved 1114112K
  class space    used 6931K, committed 7552K, reserved 1048576K
}
Event: 31.467 GC heap before
{Heap before GC invocations=68 (full 3):
 PSYoungGen      total 20480K, used 20057K [0x00000000d5580000, 0x00000000d6b80000, 0x0000000100000000)
  eden space 18432K, 100% used [0x00000000d5580000,0x00000000d6780000,0x00000000d6780000)
  from space 2048K, 79% used [0x00000000d6980000,0x00000000d6b16688,0x00000000d6b80000)
  to   space 2048K, 0% used [0x00000000d6780000,0x00000000d6780000,0x00000000d6980000)
 ParOldGen       total 74240K, used 67503K [0x0000000080000000, 0x0000000084880000, 0x00000000d5580000)
  object space 74240K, 90% used [0x0000000080000000,0x00000000841ebc78,0x0000000084880000)
 Metaspace       used 66316K, committed 67840K, reserved 1114112K
  class space    used 7024K, committed 7616K, reserved 1048576K
}
Event: 31.470 GC heap after
{Heap after GC invocations=68 (full 3):
 PSYoungGen      total 19456K, used 1005K [0x00000000d5580000, 0x00000000d6a80000, 0x0000000100000000)
  eden space 18432K, 0% used [0x00000000d5580000,0x00000000d5580000,0x00000000d6780000)
  from space 1024K, 98% used [0x00000000d6780000,0x00000000d687b690,0x00000000d6880000)
  to   space 1536K, 0% used [0x00000000d6900000,0x00000000d6900000,0x00000000d6a80000)
 ParOldGen       total 74240K, used 68323K [0x0000000080000000, 0x0000000084880000, 0x00000000d5580000)
  object space 74240K, 92% used [0x0000000080000000,0x00000000842b8e98,0x0000000084880000)
 Metaspace       used 66316K, committed 67840K, reserved 1114112K
  class space    used 7024K, committed 7616K, reserved 1048576K
}
Event: 32.783 GC heap before
{Heap before GC invocations=69 (full 3):
 PSYoungGen      total 19456K, used 19437K [0x00000000d5580000, 0x00000000d6a80000, 0x0000000100000000)
  eden space 18432K, 100% used [0x00000000d5580000,0x00000000d6780000,0x00000000d6780000)
  from space 1024K, 98% used [0x00000000d6780000,0x00000000d687b690,0x00000000d6880000)
  to   space 1536K, 0% used [0x00000000d6900000,0x00000000d6900000,0x00000000d6a80000)
 ParOldGen       total 74240K, used 68323K [0x0000000080000000, 0x0000000084880000, 0x00000000d5580000)
  object space 74240K, 92% used [0x0000000080000000,0x00000000842b8e98,0x0000000084880000)
 Metaspace       used 68046K, committed 69696K, reserved 1114112K
  class space    used 7234K, committed 7872K, reserved 1048576K
}
Event: 32.784 GC heap after
{Heap after GC invocations=69 (full 3):
 PSYoungGen      total 19456K, used 569K [0x00000000d5580000, 0x00000000d6a00000, 0x0000000100000000)
  eden space 18432K, 0% used [0x00000000d5580000,0x00000000d5580000,0x00000000d6780000)
  from space 1024K, 55% used [0x00000000d6900000,0x00000000d698e5d8,0x00000000d6a00000)
  to   space 1024K, 0% used [0x00000000d6780000,0x00000000d6780000,0x00000000d6880000)
 ParOldGen       total 74240K, used 68761K [0x0000000080000000, 0x0000000084880000, 0x00000000d5580000)
  object space 74240K, 92% used [0x0000000080000000,0x00000000843265b8,0x0000000084880000)
 Metaspace       used 68046K, committed 69696K, reserved 1114112K
  class space    used 7234K, committed 7872K, reserved 1048576K
}
Event: 32.889 GC heap before
{Heap before GC invocations=70 (full 3):
 PSYoungGen      total 19456K, used 19001K [0x00000000d5580000, 0x00000000d6a00000, 0x0000000100000000)
  eden space 18432K, 100% used [0x00000000d5580000,0x00000000d6780000,0x00000000d6780000)
  from space 1024K, 55% used [0x00000000d6900000,0x00000000d698e5d8,0x00000000d6a00000)
  to   space 1024K, 0% used [0x00000000d6780000,0x00000000d6780000,0x00000000d6880000)
 ParOldGen       total 74240K, used 68761K [0x0000000080000000, 0x0000000084880000, 0x00000000d5580000)
  object space 74240K, 92% used [0x0000000080000000,0x00000000843265b8,0x0000000084880000)
 Metaspace       used 68613K, committed 70272K, reserved 1114112K
  class space    used 7307K, committed 8000K, reserved 1048576K
}
Event: 32.890 GC heap after
{Heap after GC invocations=70 (full 3):
 PSYoungGen      total 19456K, used 352K [0x00000000d5580000, 0x00000000d6980000, 0x0000000100000000)
  eden space 18432K, 0% used [0x00000000d5580000,0x00000000d5580000,0x00000000d6780000)
  from space 1024K, 34% used [0x00000000d6780000,0x00000000d67d8000,0x00000000d6880000)
  to   space 512K, 0% used [0x00000000d6900000,0x00000000d6900000,0x00000000d6980000)
 ParOldGen       total 74240K, used 69223K [0x0000000080000000, 0x0000000084880000, 0x00000000d5580000)
  object space 74240K, 93% used [0x0000000080000000,0x0000000084399f20,0x0000000084880000)
 Metaspace       used 68613K, committed 70272K, reserved 1114112K
  class space    used 7307K, committed 8000K, reserved 1048576K
}
Event: 33.946 GC heap before
{Heap before GC invocations=71 (full 3):
 PSYoungGen      total 19456K, used 18784K [0x00000000d5580000, 0x00000000d6980000, 0x0000000100000000)
  eden space 18432K, 100% used [0x00000000d5580000,0x00000000d6780000,0x00000000d6780000)
  from space 1024K, 34% used [0x00000000d6780000,0x00000000d67d8000,0x00000000d6880000)
  to   space 512K, 0% used [0x00000000d6900000,0x00000000d6900000,0x00000000d6980000)
 ParOldGen       total 74240K, used 69223K [0x0000000080000000, 0x0000000084880000, 0x00000000d5580000)
  object space 74240K, 93% used [0x0000000080000000,0x0000000084399f20,0x0000000084880000)
 Metaspace       used 68836K, committed 70464K, reserved 1114112K
  class space    used 7319K, committed 8000K, reserved 1048576K
}
Event: 33.947 GC heap after
{Heap after GC invocations=71 (full 3):
 PSYoungGen      total 18944K, used 500K [0x00000000d5580000, 0x00000000d6980000, 0x0000000100000000)
  eden space 18432K, 0% used [0x00000000d5580000,0x00000000d5580000,0x00000000d6780000)
  from space 512K, 97% used [0x00000000d6900000,0x00000000d697d220,0x00000000d6980000)
  to   space 1024K, 0% used [0x00000000d6780000,0x00000000d6780000,0x00000000d6880000)
 ParOldGen       total 74240K, used 69641K [0x0000000080000000, 0x0000000084880000, 0x00000000d5580000)
  object space 74240K, 93% used [0x0000000080000000,0x0000000084402438,0x0000000084880000)
 Metaspace       used 68836K, committed 70464K, reserved 1114112K
  class space    used 7319K, committed 8000K, reserved 1048576K
}
Event: 34.029 GC heap before
{Heap before GC invocations=72 (full 3):
 PSYoungGen      total 18944K, used 18932K [0x00000000d5580000, 0x00000000d6980000, 0x0000000100000000)
  eden space 18432K, 100% used [0x00000000d5580000,0x00000000d6780000,0x00000000d6780000)
  from space 512K, 97% used [0x00000000d6900000,0x00000000d697d220,0x00000000d6980000)
  to   space 1024K, 0% used [0x00000000d6780000,0x00000000d6780000,0x00000000d6880000)
 ParOldGen       total 74240K, used 69641K [0x0000000080000000, 0x0000000084880000, 0x00000000d5580000)
  object space 74240K, 93% used [0x0000000080000000,0x0000000084402438,0x0000000084880000)
 Metaspace       used 68902K, committed 70592K, reserved 1114112K
  class space    used 7319K, committed 8000K, reserved 1048576K
}
Event: 34.030 GC heap after
{Heap after GC invocations=72 (full 3):
 PSYoungGen      total 19456K, used 640K [0x00000000d5580000, 0x00000000d6980000, 0x0000000100000000)
  eden space 18432K, 0% used [0x00000000d5580000,0x00000000d5580000,0x00000000d6780000)
  from space 1024K, 62% used [0x00000000d6780000,0x00000000d6820020,0x00000000d6880000)
  to   space 1024K, 0% used [0x00000000d6880000,0x00000000d6880000,0x00000000d6980000)
 ParOldGen       total 74240K, used 70125K [0x0000000080000000, 0x0000000084880000, 0x00000000d5580000)
  object space 74240K, 94% used [0x0000000080000000,0x000000008447b658,0x0000000084880000)
 Metaspace       used 68902K, committed 70592K, reserved 1114112K
  class space    used 7319K, committed 8000K, reserved 1048576K
}
Event: 34.296 GC heap before
{Heap before GC invocations=73 (full 3):
 PSYoungGen      total 19456K, used 19072K [0x00000000d5580000, 0x00000000d6980000, 0x0000000100000000)
  eden space 18432K, 100% used [0x00000000d5580000,0x00000000d6780000,0x00000000d6780000)
  from space 1024K, 62% used [0x00000000d6780000,0x00000000d6820020,0x00000000d6880000)
  to   space 1024K, 0% used [0x00000000d6880000,0x00000000d6880000,0x00000000d6980000)
 ParOldGen       total 74240K, used 70125K [0x0000000080000000, 0x0000000084880000, 0x00000000d5580000)
  object space 74240K, 94% used [0x0000000080000000,0x000000008447b658,0x0000000084880000)
 Metaspace       used 68959K, committed 70592K, reserved 1114112K
  class space    used 7319K, committed 8000K, reserved 1048576K
}
Event: 34.297 GC heap after
{Heap after GC invocations=73 (full 3):
 PSYoungGen      total 18432K, used 1022K [0x00000000d5580000, 0x00000000d6b80000, 0x0000000100000000)
  eden space 17408K, 0% used [0x00000000d5580000,0x00000000d5580000,0x00000000d6680000)
  from space 1024K, 99% used [0x00000000d6880000,0x00000000d697fb10,0x00000000d6980000)
  to   space 2048K, 0% used [0x00000000d6680000,0x00000000d6680000,0x00000000d6880000)
 ParOldGen       total 74240K, used 70765K [0x0000000080000000, 0x0000000084880000, 0x00000000d5580000)
  object space 74240K, 95% used [0x0000000080000000,0x000000008451b678,0x0000000084880000)
 Metaspace       used 68959K, committed 70592K, reserved 1114112K
  class space    used 7319K, committed 8000K, reserved 1048576K
}
Event: 35.255 GC heap before
{Heap before GC invocations=74 (full 3):
 PSYoungGen      total 18432K, used 18411K [0x00000000d5580000, 0x00000000d6b80000, 0x0000000100000000)
  eden space 17408K, 99% used [0x00000000d5580000,0x00000000d667b278,0x00000000d6680000)
  from space 1024K, 99% used [0x00000000d6880000,0x00000000d697fb10,0x00000000d6980000)
  to   space 2048K, 0% used [0x00000000d6680000,0x00000000d6680000,0x00000000d6880000)
 ParOldGen       total 74240K, used 70765K [0x0000000080000000, 0x0000000084880000, 0x00000000d5580000)
  object space 74240K, 95% used [0x0000000080000000,0x000000008451b678,0x0000000084880000)
 Metaspace       used 69591K, committed 71232K, reserved 1114112K
  class space    used 7389K, committed 8064K, reserved 1048576K
}
Event: 35.257 GC heap after
{Heap after GC invocations=74 (full 3):
 PSYoungGen      total 18432K, used 903K [0x00000000d5580000, 0x00000000d6980000, 0x0000000100000000)
  eden space 17408K, 0% used [0x00000000d5580000,0x00000000d5580000,0x00000000d6680000)
  from space 1024K, 88% used [0x00000000d6680000,0x00000000d6761e50,0x00000000d6780000)
  to   space 1536K, 0% used [0x00000000d6800000,0x00000000d6800000,0x00000000d6980000)
 ParOldGen       total 74240K, used 71790K [0x0000000080000000, 0x0000000084880000, 0x00000000d5580000)
  object space 74240K, 96% used [0x0000000080000000,0x000000008461ba88,0x0000000084880000)
 Metaspace       used 69591K, committed 71232K, reserved 1114112K
  class space    used 7389K, committed 8064K, reserved 1048576K
}
Event: 35.462 GC heap before
{Heap before GC invocations=75 (full 3):
 PSYoungGen      total 18432K, used 18311K [0x00000000d5580000, 0x00000000d6980000, 0x0000000100000000)
  eden space 17408K, 100% used [0x00000000d5580000,0x00000000d6680000,0x00000000d6680000)
  from space 1024K, 88% used [0x00000000d6680000,0x00000000d6761e50,0x00000000d6780000)
  to   space 1536K, 0% used [0x00000000d6800000,0x00000000d6800000,0x00000000d6980000)
 ParOldGen       total 74240K, used 71790K [0x0000000080000000, 0x0000000084880000, 0x00000000d5580000)
  object space 74240K, 96% used [0x0000000080000000,0x000000008461ba88,0x0000000084880000)
 Metaspace       used 70329K, committed 72064K, reserved 1114112K
  class space    used 7475K, committed 8192K, reserved 1048576K
}
Event: 35.465 GC heap after
{Heap after GC invocations=75 (full 3):
 PSYoungGen      total 18944K, used 1529K [0x00000000d5580000, 0x00000000d6980000, 0x0000000100000000)
  eden space 17408K, 0% used [0x00000000d5580000,0x00000000d5580000,0x00000000d6680000)
  from space 1536K, 99% used [0x00000000d6800000,0x00000000d697e448,0x00000000d6980000)
  to   space 1024K, 0% used [0x00000000d6680000,0x00000000d6680000,0x00000000d6780000)
 ParOldGen       total 76288K, used 76242K [0x0000000080000000, 0x0000000084a80000, 0x00000000d5580000)
  object space 76288K, 99% used [0x0000000080000000,0x0000000084a74bc0,0x0000000084a80000)
 Metaspace       used 70329K, committed 72064K, reserved 1114112K
  class space    used 7475K, committed 8192K, reserved 1048576K
}

Dll operation events (10 events):
Event: 0.012 Loaded shared library c:\Users\Juan Alzate\.vscode\extensions\redhat.java-1.54.0-win32-x64\jre\21.0.10-win32-x86_64\bin\java.dll
Event: 0.116 Loaded shared library c:\Users\Juan Alzate\.vscode\extensions\redhat.java-1.54.0-win32-x64\jre\21.0.10-win32-x86_64\bin\zip.dll
Event: 0.153 Loaded shared library C:\Users\Juan Alzate\.vscode\extensions\redhat.java-1.54.0-win32-x64\jre\21.0.10-win32-x86_64\bin\instrument.dll
Event: 0.163 Loaded shared library C:\Users\Juan Alzate\.vscode\extensions\redhat.java-1.54.0-win32-x64\jre\21.0.10-win32-x86_64\bin\net.dll
Event: 0.166 Loaded shared library C:\Users\Juan Alzate\.vscode\extensions\redhat.java-1.54.0-win32-x64\jre\21.0.10-win32-x86_64\bin\nio.dll
Event: 0.170 Loaded shared library C:\Users\Juan Alzate\.vscode\extensions\redhat.java-1.54.0-win32-x64\jre\21.0.10-win32-x86_64\bin\zip.dll
Event: 0.189 Loaded shared library C:\Users\Juan Alzate\.vscode\extensions\redhat.java-1.54.0-win32-x64\jre\21.0.10-win32-x86_64\bin\jimage.dll
Event: 0.299 Loaded shared library c:\Users\Juan Alzate\.vscode\extensions\redhat.java-1.54.0-win32-x64\jre\21.0.10-win32-x86_64\bin\verify.dll
Event: 1.308 Loaded shared library C:\Users\Juan Alzate\AppData\Roaming\Code\User\globalStorage\redhat.java\1.54.0\config_win\org.eclipse.equinox.launcher\org.eclipse.equinox.launcher.win32.win32.x86_64_1.3.0.v20260203-2149\eclipse_11919.dll
Event: 4.253 Loaded shared library C:\TMP\jna--1841760021\jna16119636065145994245.dll

Deoptimization events (20 events):
Event: 35.364 Thread 0x0000021be4533690 DEOPT PACKING pc=0x0000021bc9b911c2 sp=0x00000063f93fdd40
Event: 35.364 Thread 0x0000021be4533690 DEOPT UNPACKING pc=0x0000021bcf864242 sp=0x00000063f93fd1b0 mode 0
Event: 35.367 Thread 0x0000021be4533690 DEOPT PACKING pc=0x0000021bc9b911c2 sp=0x00000063f93fd300
Event: 35.367 Thread 0x0000021be4533690 DEOPT UNPACKING pc=0x0000021bcf864242 sp=0x00000063f93fc770 mode 0
Event: 35.368 Thread 0x0000021be4533690 DEOPT PACKING pc=0x0000021bc9b911c2 sp=0x00000063f93fd130
Event: 35.368 Thread 0x0000021be4533690 DEOPT UNPACKING pc=0x0000021bcf864242 sp=0x00000063f93fc5a0 mode 0
Event: 35.369 Thread 0x0000021be4533690 DEOPT PACKING pc=0x0000021bc99fa422 sp=0x00000063f93fd3b0
Event: 35.369 Thread 0x0000021be4533690 DEOPT UNPACKING pc=0x0000021bcf864242 sp=0x00000063f93fc928 mode 0
Event: 35.369 Thread 0x0000021be4533690 DEOPT PACKING pc=0x0000021bc9b911c2 sp=0x00000063f93fc810
Event: 35.369 Thread 0x0000021be4533690 DEOPT UNPACKING pc=0x0000021bcf864242 sp=0x00000063f93fbc80 mode 0
Event: 35.371 Thread 0x0000021be4533690 DEOPT PACKING pc=0x0000021bc9b911c2 sp=0x00000063f93fd620
Event: 35.371 Thread 0x0000021be4533690 DEOPT UNPACKING pc=0x0000021bcf864242 sp=0x00000063f93fca90 mode 0
Event: 35.374 Thread 0x0000021be4533690 Uncommon trap: trap_request=0xffffff45 fr.pc=0x0000021bd039bb7c relative=0x000000000000039c
Event: 35.374 Thread 0x0000021be4533690 Uncommon trap: reason=unstable_if action=reinterpret pc=0x0000021bd039bb7c method=jdk.internal.reflect.DirectMethodHandleAccessor.invokeImpl(Ljava/lang/Object;[Ljava/lang/Object;)Ljava/lang/Object; @ 4 c2
Event: 35.374 Thread 0x0000021be4533690 DEOPT PACKING pc=0x0000021bd039bb7c sp=0x00000063f93fe3d0
Event: 35.374 Thread 0x0000021be4533690 DEOPT UNPACKING pc=0x0000021bcf863aa2 sp=0x00000063f93fe300 mode 2
Event: 35.396 Thread 0x0000021be4533690 Uncommon trap: trap_request=0xffffff45 fr.pc=0x0000021bd05034b4 relative=0x0000000000000094
Event: 35.396 Thread 0x0000021be4533690 Uncommon trap: reason=unstable_if action=reinterpret pc=0x0000021bd05034b4 method=org.eclipse.jdt.internal.compiler.lookup.TypeBinding.equalsEquals(Lorg/eclipse/jdt/internal/compiler/lookup/TypeBinding;Lorg/eclipse/jdt/internal/compiler/lookup/TypeBinding
Event: 35.396 Thread 0x0000021be4533690 DEOPT PACKING pc=0x0000021bd05034b4 sp=0x00000063f93fda00
Event: 35.396 Thread 0x0000021be4533690 DEOPT UNPACKING pc=0x0000021bcf863aa2 sp=0x00000063f93fd998 mode 2

Classes loaded (20 events):
Event: 30.545 Loading class java/lang/UnsupportedClassVersionError
Event: 30.545 Loading class java/lang/UnsupportedClassVersionError done
Event: 30.913 Loading class jdk/internal/ref/CleanerImpl$InnocuousThreadFactory
Event: 30.913 Loading class jdk/internal/ref/CleanerImpl$InnocuousThreadFactory done
Event: 31.235 Loading class sun/nio/cs/ISO_8859_1$Encoder
Event: 31.235 Loading class sun/nio/cs/ISO_8859_1$Encoder done
Event: 31.235 Loading class sun/nio/cs/Surrogate$Parser
Event: 31.235 Loading class sun/nio/cs/Surrogate$Parser done
Event: 31.235 Loading class sun/nio/cs/Surrogate
Event: 31.235 Loading class sun/nio/cs/Surrogate done
Event: 31.575 Loading class java/util/function/IntPredicate
Event: 31.575 Loading class java/util/function/IntPredicate done
Event: 31.588 Loading class java/util/regex/Pattern$Bound
Event: 31.588 Loading class java/util/regex/Pattern$Bound done
Event: 35.238 Loading class java/util/zip/CheckedInputStream
Event: 35.238 Loading class java/util/zip/CheckedInputStream done
Event: 35.297 Loading class java/util/concurrent/ArrayBlockingQueue
Event: 35.298 Loading class java/util/concurrent/ArrayBlockingQueue done
Event: 35.335 Loading class sun/nio/ch/ChannelOutputStream
Event: 35.335 Loading class sun/nio/ch/ChannelOutputStream done

Classes unloaded (11 events):
Event: 4.679 Thread 0x0000021bdbb21560 Unloading class 0x0000021b811ab400 'java/lang/invoke/LambdaForm$MH+0x0000021b811ab400'
Event: 4.679 Thread 0x0000021bdbb21560 Unloading class 0x0000021b811ab000 'java/lang/invoke/LambdaForm$MH+0x0000021b811ab000'
Event: 4.679 Thread 0x0000021bdbb21560 Unloading class 0x0000021b811aac00 'java/lang/invoke/LambdaForm$MH+0x0000021b811aac00'
Event: 4.679 Thread 0x0000021bdbb21560 Unloading class 0x0000021b811aa800 'java/lang/invoke/LambdaForm$MH+0x0000021b811aa800'
Event: 4.679 Thread 0x0000021bdbb21560 Unloading class 0x0000021b811aa400 'java/lang/invoke/LambdaForm$BMH+0x0000021b811aa400'
Event: 4.679 Thread 0x0000021bdbb21560 Unloading class 0x0000021b811aa000 'java/lang/invoke/LambdaForm$DMH+0x0000021b811aa000'
Event: 4.679 Thread 0x0000021bdbb21560 Unloading class 0x0000021b811a8c00 'java/lang/invoke/LambdaForm$DMH+0x0000021b811a8c00'
Event: 19.843 Thread 0x0000021bdbb21560 Unloading class 0x0000021b81690800 'java/lang/invoke/LambdaForm$DMH+0x0000021b81690800'
Event: 19.843 Thread 0x0000021bdbb21560 Unloading class 0x0000021b81690c00 'java/lang/invoke/LambdaForm$DMH+0x0000021b81690c00'
Event: 19.843 Thread 0x0000021bdbb21560 Unloading class 0x0000021b81690400 'java/lang/invoke/LambdaForm$DMH+0x0000021b81690400'
Event: 19.843 Thread 0x0000021bdbb21560 Unloading class 0x0000021b81690000 'java/lang/invoke/LambdaForm$DMH+0x0000021b81690000'

Classes redefined (0 events):
No events

Internal exceptions (20 events):
Event: 30.528 Thread 0x0000021be4c57d30 Exception <a 'java/lang/NoSuchMethodError'{0x00000000d6381ee0}: 'java.lang.Object java.lang.invoke.DirectMethodHandle$Holder.invokeSpecial(java.lang.Object, java.lang.Object, java.lang.Object, java.lang.Object, int, java.lang.Object, java.lang.Object)'> (0x00000000d6381ee0) 
thrown [s\src\hotspot\share\interpreter\linkResolver.cpp, line 773]
Event: 30.537 Thread 0x0000021be4c548b0 Exception <a 'java/lang/ArrayIndexOutOfBoundsException'{0x00000000d65e8de8}> (0x00000000d65e8de8) 
thrown [s\src\hotspot\share\runtime\sharedRuntime.cpp, line 625]
Event: 30.557 Thread 0x0000021be4c583c0 Exception <a 'java/lang/NoSuchMethodError'{0x00000000d6787158}: 'int java.lang.invoke.Invokers$Holder.invokeExact_MT(java.lang.Object, java.lang.Object)'> (0x00000000d6787158) 
thrown [s\src\hotspot\share\interpreter\linkResolver.cpp, line 773]
Event: 31.224 Thread 0x0000021be2e8bb20 Exception <a 'java/io/FileNotFoundException'{0x00000000d5b24018}> (0x00000000d5b24018) 
thrown [s\src\hotspot\share\prims\jni.cpp, line 520]
Event: 31.224 Thread 0x0000021be2e8bb20 Exception <a 'java/io/FileNotFoundException'{0x00000000d5b25168}> (0x00000000d5b25168) 
thrown [s\src\hotspot\share\prims\jni.cpp, line 520]
Event: 31.224 Thread 0x0000021be2e8bb20 Exception <a 'java/io/FileNotFoundException'{0x00000000d5b3a820}> (0x00000000d5b3a820) 
thrown [s\src\hotspot\share\prims\jni.cpp, line 520]
Event: 31.343 Thread 0x0000021be4c5b840 Exception <a 'java/lang/IncompatibleClassChangeError'{0x00000000d6024fa0}: Found class java.lang.Object, but interface was expected> (0x00000000d6024fa0) 
thrown [s\src\hotspot\share\interpreter\linkResolver.cpp, line 840]
Event: 31.501 Thread 0x0000021be4c5ab20 Exception <a 'java/lang/NoSuchMethodError'{0x00000000d583fc38}: 'java.lang.Object java.lang.invoke.DirectMethodHandle$Holder.invokeStatic(java.lang.Object, int, java.lang.Object)'> (0x00000000d583fc38) 
thrown [s\src\hotspot\share\interpreter\linkResolver.cpp, line 773]
Event: 31.575 Thread 0x0000021be4c5ab20 Exception <a 'java/lang/NoSuchMethodError'{0x00000000d5c047c0}: 'int java.lang.invoke.DirectMethodHandle$Holder.invokeStaticInit(java.lang.Object, int)'> (0x00000000d5c047c0) 
thrown [s\src\hotspot\share\interpreter\linkResolver.cpp, line 773]
Event: 32.689 Thread 0x0000021be4c5b840 Exception <a 'java/lang/IncompatibleClassChangeError'{0x00000000d62a14a0}: Found class java.lang.Object, but interface was expected> (0x00000000d62a14a0) 
thrown [s\src\hotspot\share\interpreter\linkResolver.cpp, line 840]
Event: 32.850 Thread 0x0000021be4c5ab20 Implicit null exception at 0x0000021bcff5adcb to 0x0000021bcff5af38
Event: 34.327 Thread 0x0000021be4c54f40 Exception <a 'java/lang/ArrayIndexOutOfBoundsException'{0x00000000d56b1e28}> (0x00000000d56b1e28) 
thrown [s\src\hotspot\share\runtime\sharedRuntime.cpp, line 625]
Event: 35.021 Thread 0x0000021be4c5b840 Exception <a 'java/lang/IncompatibleClassChangeError'{0x00000000d60a6a30}: Found class java.lang.Object, but interface was expected> (0x00000000d60a6a30) 
thrown [s\src\hotspot\share\interpreter\linkResolver.cpp, line 840]
Event: 35.021 Thread 0x0000021be4c5b840 Exception <a 'java/lang/IncompatibleClassChangeError'{0x00000000d60aab00}: Found class java.lang.Object, but interface was expected> (0x00000000d60aab00) 
thrown [s\src\hotspot\share\interpreter\linkResolver.cpp, line 840]
Event: 35.052 Thread 0x0000021be4c5b840 Exception <a 'sun/nio/fs/WindowsException'{0x00000000d62036e8}> (0x00000000d62036e8) 
thrown [s\src\hotspot\share\prims\jni.cpp, line 520]
Event: 35.052 Thread 0x0000021be4c5b840 Exception <a 'sun/nio/fs/WindowsException'{0x00000000d62042d8}> (0x00000000d62042d8) 
thrown [s\src\hotspot\share\prims\jni.cpp, line 520]
Event: 35.062 Thread 0x0000021be4c5b840 Exception <a 'java/lang/NoSuchMethodError'{0x00000000d62e8fa0}: 'java.lang.Object java.lang.invoke.DirectMethodHandle$Holder.invokeStatic(java.lang.Object, java.lang.Object, int, java.lang.Object)'> (0x00000000d62e8fa0) 
thrown [s\src\hotspot\share\interpreter\linkResolver.cpp, line 773]
Event: 35.063 Thread 0x0000021be4c5b840 Exception <a 'java/lang/NoSuchMethodError'{0x00000000d62f03a0}: 'java.lang.Object java.lang.invoke.DirectMethodHandle$Holder.newInvokeSpecial(java.lang.Object, java.lang.Object, int)'> (0x00000000d62f03a0) 
thrown [s\src\hotspot\share\interpreter\linkResolver.cpp, line 773]
Event: 35.068 Thread 0x0000021be2e893c0 Implicit null exception at 0x0000021bd045aee2 to 0x0000021bd045b318
Event: 35.378 Thread 0x0000021be4533690 Exception <a 'java/lang/NoSuchMethodError'{0x00000000d6276600}: 'void java.lang.invoke.DirectMethodHandle$Holder.invokeVirtual(java.lang.Object, java.lang.Object, java.lang.Object, java.lang.Object, java.lang.Object)'> (0x00000000d6276600) 
thrown [s\src\hotspot\share\interpreter\linkResolver.cpp, line 773]

ZGC Phase Switch (0 events):
No events

VM Operations (20 events):
Event: 33.946 Executing safepoint VM operation: ParallelGCFailedAllocation (Allocation Failure)
Event: 33.947 Executing safepoint VM operation: ParallelGCFailedAllocation (Allocation Failure) done
Event: 34.029 Executing safepoint VM operation: ParallelGCFailedAllocation (Allocation Failure)
Event: 34.030 Executing safepoint VM operation: ParallelGCFailedAllocation (Allocation Failure) done
Event: 34.296 Executing safepoint VM operation: ParallelGCFailedAllocation (Allocation Failure)
Event: 34.297 Executing safepoint VM operation: ParallelGCFailedAllocation (Allocation Failure) done
Event: 35.056 Executing non-safepoint VM operation: HandshakeAllThreads (Deoptimize)
Event: 35.056 Executing non-safepoint VM operation: HandshakeAllThreads (Deoptimize) done
Event: 35.231 Executing non-safepoint VM operation: HandshakeAllThreads (Deoptimize)
Event: 35.231 Executing non-safepoint VM operation: HandshakeAllThreads (Deoptimize) done
Event: 35.255 Executing safepoint VM operation: ParallelGCFailedAllocation (Allocation Failure)
Event: 35.257 Executing safepoint VM operation: ParallelGCFailedAllocation (Allocation Failure) done
Event: 35.381 Executing non-safepoint VM operation: HandshakeAllThreads (Deoptimize)
Event: 35.381 Executing non-safepoint VM operation: HandshakeAllThreads (Deoptimize) done
Event: 35.388 Executing non-safepoint VM operation: HandshakeAllThreads (Deoptimize)
Event: 35.388 Executing non-safepoint VM operation: HandshakeAllThreads (Deoptimize) done
Event: 35.391 Executing non-safepoint VM operation: HandshakeAllThreads (Deoptimize)
Event: 35.391 Executing non-safepoint VM operation: HandshakeAllThreads (Deoptimize) done
Event: 35.462 Executing safepoint VM operation: ParallelGCFailedAllocation (Allocation Failure)
Event: 35.465 Executing safepoint VM operation: ParallelGCFailedAllocation (Allocation Failure) done

Memory protections (0 events):
No events

Nmethod flushes (20 events):
Event: 19.867 Thread 0x0000021bdbb21560 flushing  nmethod 0x0000021bc8ae5f10
Event: 19.867 Thread 0x0000021bdbb21560 flushing  nmethod 0x0000021bc8b06310
Event: 19.867 Thread 0x0000021bdbb21560 flushing osr nmethod 0x0000021bc8b67f90
Event: 19.867 Thread 0x0000021bdbb21560 flushing  nmethod 0x0000021bc8b8e390
Event: 19.867 Thread 0x0000021bdbb21560 flushing  nmethod 0x0000021bc8ba6310
Event: 19.867 Thread 0x0000021bdbb21560 flushing  nmethod 0x0000021bc8ba6790
Event: 19.867 Thread 0x0000021bdbb21560 flushing  nmethod 0x0000021bc8ba7690
Event: 19.867 Thread 0x0000021bdbb21560 flushing  nmethod 0x0000021bc8ba7f90
Event: 19.867 Thread 0x0000021bdbb21560 flushing  nmethod 0x0000021bc8ba8310
Event: 19.867 Thread 0x0000021bdbb21560 flushing  nmethod 0x0000021bc8bc3f90
Event: 19.867 Thread 0x0000021bdbb21560 flushing  nmethod 0x0000021bc8bc8590
Event: 19.867 Thread 0x0000021bdbb21560 flushing  nmethod 0x0000021bc8bc8f10
Event: 19.867 Thread 0x0000021bdbb21560 flushing  nmethod 0x0000021bc8bcac10
Event: 19.867 Thread 0x0000021bdbb21560 flushing  nmethod 0x0000021bc8bf9590
Event: 19.867 Thread 0x0000021bdbb21560 flushing  nmethod 0x0000021bc8c53790
Event: 19.867 Thread 0x0000021bdbb21560 flushing  nmethod 0x0000021bc8c57c10
Event: 19.867 Thread 0x0000021bdbb21560 flushing  nmethod 0x0000021bc8c60990
Event: 19.867 Thread 0x0000021bdbb21560 flushing  nmethod 0x0000021bc8c61610
Event: 19.867 Thread 0x0000021bdbb21560 flushing  nmethod 0x0000021bc8c64410
Event: 19.867 Thread 0x0000021bdbb21560 flushing osr nmethod 0x0000021bc8c90e10

Events (20 events):
Event: 28.727 Thread 0x0000021be559a8d0 Thread exited: 0x0000021be559a8d0
Event: 28.736 Thread 0x0000021bdd44c830 Thread added: 0x0000021be559a8d0
Event: 30.026 Thread 0x0000021be559a8d0 Thread exited: 0x0000021be559a8d0
Event: 30.109 Thread 0x0000021bdd44c830 Thread added: 0x0000021be559a8d0
Event: 30.113 Thread 0x0000021be2e8bb20 Thread added: 0x0000021be4537ec0
Event: 30.352 Thread 0x0000021be559a8d0 Thread exited: 0x0000021be559a8d0
Event: 30.538 Thread 0x0000021bdd44c830 Thread added: 0x0000021be559a8d0
Event: 30.914 Thread 0x0000021be4c5ab20 Thread added: 0x0000021be4531c50
Event: 32.308 Thread 0x0000021be559a8d0 Thread exited: 0x0000021be559a8d0
Event: 32.311 Thread 0x0000021bdd44c830 Thread added: 0x0000021be63de070
Event: 32.689 Thread 0x0000021be63de070 Thread exited: 0x0000021be63de070
Event: 32.848 Thread 0x0000021bdd44c830 Thread added: 0x0000021be63dee10
Event: 33.714 Thread 0x0000021be63dee10 Thread exited: 0x0000021be63dee10
Event: 35.059 Thread 0x0000021be2e88d30 Thread added: 0x0000021be45322e0
Event: 35.066 Thread 0x0000021bdd44c830 Thread added: 0x0000021be63dfbb0
Event: 35.220 Thread 0x0000021be63dfbb0 Thread exited: 0x0000021be63dfbb0
Event: 35.246 Thread 0x0000021bdd44c830 Thread added: 0x0000021be63e1020
Event: 35.272 Thread 0x0000021be45322e0 Thread added: 0x0000021be4533000
Event: 35.298 Thread 0x0000021be45322e0 Thread added: 0x0000021be4533690
Event: 35.337 Thread 0x0000021be45322e0 Thread added: 0x0000021be4535df0


Dynamic libraries:
0x00007ff63b540000 - 0x00007ff63b54e000 	c:\Users\Juan Alzate\.vscode\extensions\redhat.java-1.54.0-win32-x64\jre\21.0.10-win32-x86_64\bin\java.exe
0x00007ff838490000 - 0x00007ff838688000 	C:\WINDOWS\SYSTEM32\ntdll.dll
0x00007ff837a90000 - 0x00007ff837b52000 	C:\WINDOWS\System32\KERNEL32.DLL
0x00007ff836160000 - 0x00007ff836456000 	C:\WINDOWS\System32\KERNELBASE.dll
0x00007ff835de0000 - 0x00007ff835ee0000 	C:\WINDOWS\System32\ucrtbase.dll
0x00007ff81e060000 - 0x00007ff81e078000 	c:\Users\Juan Alzate\.vscode\extensions\redhat.java-1.54.0-win32-x64\jre\21.0.10-win32-x86_64\bin\jli.dll
0x00007ff837400000 - 0x00007ff8375a1000 	C:\WINDOWS\System32\USER32.dll
0x00007ff835db0000 - 0x00007ff835dd2000 	C:\WINDOWS\System32\win32u.dll
0x00007ff837bf0000 - 0x00007ff837c1b000 	C:\WINDOWS\System32\GDI32.dll
0x00007ff835f90000 - 0x00007ff8360a9000 	C:\WINDOWS\System32\gdi32full.dll
0x00007ff835b20000 - 0x00007ff835bbd000 	C:\WINDOWS\System32\msvcp_win.dll
0x00007ff81df50000 - 0x00007ff81df6e000 	c:\Users\Juan Alzate\.vscode\extensions\redhat.java-1.54.0-win32-x64\jre\21.0.10-win32-x86_64\bin\VCRUNTIME140.dll
0x00007ff81e080000 - 0x00007ff81e31b000 	C:\WINDOWS\WinSxS\amd64_microsoft.windows.common-controls_6595b64144ccf1df_6.0.19041.6456_none_60b8a6cb71f64256\COMCTL32.dll
0x00007ff836da0000 - 0x00007ff836e3e000 	C:\WINDOWS\System32\msvcrt.dll
0x00007ff837280000 - 0x00007ff8372af000 	C:\WINDOWS\System32\IMM32.DLL
0x00007ff82fa10000 - 0x00007ff82fa1c000 	c:\Users\Juan Alzate\.vscode\extensions\redhat.java-1.54.0-win32-x64\jre\21.0.10-win32-x86_64\bin\vcruntime140_1.dll
0x00007ffff6ad0000 - 0x00007ffff6b5d000 	c:\Users\Juan Alzate\.vscode\extensions\redhat.java-1.54.0-win32-x64\jre\21.0.10-win32-x86_64\bin\msvcp140.dll
0x00007fffaf4b0000 - 0x00007fffb0251000 	c:\Users\Juan Alzate\.vscode\extensions\redhat.java-1.54.0-win32-x64\jre\21.0.10-win32-x86_64\bin\server\jvm.dll
0x00007ff838030000 - 0x00007ff8380e1000 	C:\WINDOWS\System32\ADVAPI32.dll
0x00007ff8372b0000 - 0x00007ff83734f000 	C:\WINDOWS\System32\sechost.dll
0x00007ff836ed0000 - 0x00007ff836ff0000 	C:\WINDOWS\System32\RPCRT4.dll
0x00007ff835ee0000 - 0x00007ff835f07000 	C:\WINDOWS\System32\bcrypt.dll
0x00007ff8375b0000 - 0x00007ff83761b000 	C:\WINDOWS\System32\WS2_32.dll
0x00007ff8350b0000 - 0x00007ff8350fb000 	C:\WINDOWS\SYSTEM32\POWRPROF.dll
0x00007ff828210000 - 0x00007ff828237000 	C:\WINDOWS\SYSTEM32\WINMM.dll
0x00007ff82a2c0000 - 0x00007ff82a2ca000 	C:\WINDOWS\SYSTEM32\VERSION.dll
0x00007ff834f20000 - 0x00007ff834f32000 	C:\WINDOWS\SYSTEM32\UMPDC.dll
0x00007ff834330000 - 0x00007ff834342000 	C:\WINDOWS\SYSTEM32\kernel.appcore.dll
0x00007ff82f0a0000 - 0x00007ff82f0aa000 	c:\Users\Juan Alzate\.vscode\extensions\redhat.java-1.54.0-win32-x64\jre\21.0.10-win32-x86_64\bin\jimage.dll
0x00007ff833fe0000 - 0x00007ff8341e1000 	C:\WINDOWS\SYSTEM32\DBGHELP.DLL
0x00007ff80b4b0000 - 0x00007ff80b4e4000 	C:\WINDOWS\SYSTEM32\dbgcore.DLL
0x00007ff835bc0000 - 0x00007ff835c42000 	C:\WINDOWS\System32\bcryptPrimitives.dll
0x00007ff82e760000 - 0x00007ff82e76f000 	c:\Users\Juan Alzate\.vscode\extensions\redhat.java-1.54.0-win32-x64\jre\21.0.10-win32-x86_64\bin\instrument.dll
0x00007ff81c6d0000 - 0x00007ff81c6f0000 	c:\Users\Juan Alzate\.vscode\extensions\redhat.java-1.54.0-win32-x64\jre\21.0.10-win32-x86_64\bin\java.dll
0x00007ff8364b0000 - 0x00007ff836c20000 	C:\WINDOWS\System32\SHELL32.dll
0x00007ff833760000 - 0x00007ff833f05000 	C:\WINDOWS\SYSTEM32\windows.storage.dll
0x00007ff8380f0000 - 0x00007ff838444000 	C:\WINDOWS\System32\combase.dll
0x00007ff835550000 - 0x00007ff83557b000 	C:\WINDOWS\SYSTEM32\Wldp.dll
0x00007ff837f50000 - 0x00007ff83801d000 	C:\WINDOWS\System32\OLEAUT32.dll
0x00007ff837350000 - 0x00007ff8373fd000 	C:\WINDOWS\System32\SHCORE.dll
0x00007ff837c20000 - 0x00007ff837c7b000 	C:\WINDOWS\System32\shlwapi.dll
0x00007ff835a50000 - 0x00007ff835a74000 	C:\WINDOWS\SYSTEM32\profapi.dll
0x00007ff81d570000 - 0x00007ff81d588000 	c:\Users\Juan Alzate\.vscode\extensions\redhat.java-1.54.0-win32-x64\jre\21.0.10-win32-x86_64\bin\zip.dll
0x00007ff82e110000 - 0x00007ff82e120000 	C:\Users\Juan Alzate\.vscode\extensions\redhat.java-1.54.0-win32-x64\jre\21.0.10-win32-x86_64\bin\net.dll
0x00007ff830110000 - 0x00007ff83021a000 	C:\WINDOWS\SYSTEM32\WINHTTP.dll
0x00007ff8352b0000 - 0x00007ff83531a000 	C:\WINDOWS\system32\mswsock.dll
0x00007ff81d270000 - 0x00007ff81d286000 	C:\Users\Juan Alzate\.vscode\extensions\redhat.java-1.54.0-win32-x64\jre\21.0.10-win32-x86_64\bin\nio.dll
0x00007ff82d0e0000 - 0x00007ff82d0f0000 	c:\Users\Juan Alzate\.vscode\extensions\redhat.java-1.54.0-win32-x64\jre\21.0.10-win32-x86_64\bin\verify.dll
0x00007ffffa4d0000 - 0x00007ffffa515000 	C:\Users\Juan Alzate\AppData\Roaming\Code\User\globalStorage\redhat.java\1.54.0\config_win\org.eclipse.equinox.launcher\org.eclipse.equinox.launcher.win32.win32.x86_64_1.3.0.v20260203-2149\eclipse_11919.dll
0x00007ff837010000 - 0x00007ff83713b000 	C:\WINDOWS\System32\ole32.dll
0x00007ff8354a0000 - 0x00007ff8354b8000 	C:\WINDOWS\SYSTEM32\CRYPTSP.dll
0x00007ff834b60000 - 0x00007ff834b98000 	C:\WINDOWS\system32\rsaenh.dll
0x00007ff835a10000 - 0x00007ff835a3e000 	C:\WINDOWS\SYSTEM32\USERENV.dll
0x00007ff8354c0000 - 0x00007ff8354cc000 	C:\WINDOWS\SYSTEM32\CRYPTBASE.dll
0x00007ff834f40000 - 0x00007ff834f7b000 	C:\WINDOWS\SYSTEM32\IPHLPAPI.DLL
0x00007ff837c80000 - 0x00007ff837c88000 	C:\WINDOWS\System32\NSI.dll
0x00007ffff6a80000 - 0x00007ffff6ac9000 	C:\TMP\jna--1841760021\jna16119636065145994245.dll
0x00007ff838020000 - 0x00007ff838028000 	C:\WINDOWS\System32\PSAPI.DLL
0x00007ff82eda0000 - 0x00007ff82edb7000 	C:\WINDOWS\SYSTEM32\dhcpcsvc6.DLL
0x00007ff82ed70000 - 0x00007ff82ed8d000 	C:\WINDOWS\SYSTEM32\dhcpcsvc.DLL

JVMTI agents:
c:\Users\Juan Alzate\.vscode\extensions\redhat.java-1.54.0-win32-x64\lombok\lombok-1.18.39-4050.jar path:c:\Users\Juan Alzate\.vscode\extensions\redhat.java-1.54.0-win32-x64\jre\21.0.10-win32-x86_64\bin\instrument.dll, loaded, initialized, instrumentlib options:none

dbghelp: loaded successfully - version: 4.0.5 - missing functions: none
symbol engine: initialized successfully - sym options: 0x614 - pdb path: .;c:\Users\Juan Alzate\.vscode\extensions\redhat.java-1.54.0-win32-x64\jre\21.0.10-win32-x86_64\bin;C:\WINDOWS\SYSTEM32;C:\WINDOWS\WinSxS\amd64_microsoft.windows.common-controls_6595b64144ccf1df_6.0.19041.6456_none_60b8a6cb71f64256;c:\Users\Juan Alzate\.vscode\extensions\redhat.java-1.54.0-win32-x64\jre\21.0.10-win32-x86_64\bin\server;C:\Users\Juan Alzate\AppData\Roaming\Code\User\globalStorage\redhat.java\1.54.0\config_win\org.eclipse.equinox.launcher\org.eclipse.equinox.launcher.win32.win32.x86_64_1.3.0.v20260203-2149;C:\TMP\jna--1841760021

VM Arguments:
jvm_args: --add-modules=ALL-SYSTEM --add-opens=java.base/java.util=ALL-UNNAMED --add-opens=java.base/java.lang=ALL-UNNAMED --add-opens=java.base/sun.nio.fs=ALL-UNNAMED -Declipse.application=org.eclipse.jdt.ls.core.id1 -Dosgi.bundles.defaultStartLevel=4 -Declipse.product=org.eclipse.jdt.ls.core.product -Djava.import.generatesMetadataFilesAtProjectRoot=false -DDetectVMInstallationsJob.disabled=true -Dfile.encoding=utf8 -XX:+UseParallelGC -XX:GCTimeRatio=4 -XX:AdaptiveSizePolicyWeight=90 -Dsun.zip.disableMemoryMapping=true -Xmx2G -Xms100m -Xlog:disable -javaagent:c:\Users\Juan Alzate\.vscode\extensions\redhat.java-1.54.0-win32-x64\lombok\lombok-1.18.39-4050.jar -XX:+HeapDumpOnOutOfMemoryError -XX:HeapDumpPath=c:\Users\Juan Alzate\AppData\Roaming\Code\User\workspaceStorage\65aa75abc7ef8efe31f56fd2f5d30c46\redhat.java -Daether.dependencyCollector.impl=bf 
java_command: c:\Users\Juan Alzate\.vscode\extensions\redhat.java-1.54.0-win32-x64\server\plugins\org.eclipse.equinox.launcher_1.7.100.v20251111-0406.jar -configuration c:\Users\Juan Alzate\AppData\Roaming\Code\User\globalStorage\redhat.java\1.54.0\config_win -data c:\Users\Juan Alzate\AppData\Roaming\Code\User\workspaceStorage\65aa75abc7ef8efe31f56fd2f5d30c46\redhat.java\jdt_ws --pipe=\\.\pipe\lsp-769abd2e07d29cceec95b7100bad0d21-sock
java_class_path (initial): c:\Users\Juan Alzate\.vscode\extensions\redhat.java-1.54.0-win32-x64\server\plugins\org.eclipse.equinox.launcher_1.7.100.v20251111-0406.jar
Launcher Type: SUN_STANDARD

[Global flags]
    uintx AdaptiveSizePolicyWeight                 = 90                                        {product} {command line}
     intx CICompilerCount                          = 4                                         {product} {ergonomic}
    uintx GCTimeRatio                              = 4                                         {product} {command line}
     bool HeapDumpOnOutOfMemoryError               = true                                   {manageable} {command line}
    ccstr HeapDumpPath                             = c:\Users\Juan Alzate\AppData\Roaming\Code\User\workspaceStorage\65aa75abc7ef8efe31f56fd2f5d30c46\redhat.java         {manageable} {command line}
   size_t InitialHeapSize                          = 104857600                                 {product} {command line}
   size_t MaxHeapSize                              = 2147483648                                {product} {command line}
   size_t MaxNewSize                               = 715653120                                 {product} {ergonomic}
   size_t MinHeapDeltaBytes                        = 524288                                    {product} {ergonomic}
   size_t MinHeapSize                              = 104857600                                 {product} {command line}
   size_t NewSize                                  = 34603008                                  {product} {ergonomic}
    uintx NonNMethodCodeHeapSize                   = 5839372                                {pd product} {ergonomic}
    uintx NonProfiledCodeHeapSize                  = 122909434                              {pd product} {ergonomic}
   size_t OldSize                                  = 70254592                                  {product} {ergonomic}
    uintx ProfiledCodeHeapSize                     = 122909434                              {pd product} {ergonomic}
    uintx ReservedCodeCacheSize                    = 251658240                              {pd product} {ergonomic}
     bool SegmentedCodeCache                       = true                                      {product} {ergonomic}
   size_t SoftMaxHeapSize                          = 2147483648                             {manageable} {ergonomic}
     bool UseCompressedOops                        = true                           {product lp64_product} {ergonomic}
     bool UseLargePagesIndividualAllocation        = false                                  {pd product} {ergonomic}
     bool UseParallelGC                            = true                                      {product} {command line}

Logging:
Log output configuration:
 #0: stdout all=off uptime,level,tags foldmultilines=false
 #1: stderr all=off uptime,level,tags foldmultilines=false

Release file:
JAVA_VERSION="21.0.10" 
MODULES="java.base java.compiler java.datatransfer java.xml java.prefs java.desktop java.instrument java.logging java.management java.security.sasl java.naming java.rmi java.management.rmi java.net.http java.scripting java.security.jgss java.transaction.xa java.sql java.sql.rowset java.xml.crypto java.se java.smartcardio jdk.accessibility jdk.internal.jvmstat jdk.attach jdk.charsets jdk.internal.opt jdk.zipfs jdk.compiler jdk.crypto.ec jdk.crypto.cryptoki jdk.crypto.mscapi jdk.dynalink jdk.internal.ed jdk.editpad jdk.hotspot.agent jdk.httpserver jdk.internal.le jdk.internal.vm.ci jdk.internal.vm.compiler jdk.internal.vm.compiler.management jdk.jartool jdk.javadoc jdk.jcmd jdk.management jdk.management.agent jdk.jconsole jdk.jdeps jdk.jdwp.agent jdk.jdi jdk.jfr jdk.jshell jdk.jsobject jdk.jstatd jdk.localedata jdk.management.jfr jdk.naming.dns jdk.naming.rmi jdk.net jdk.nio.mapmode jdk.random jdk.sctp jdk.security.auth jdk.security.jgss jdk.unsupported jdk.unsupported.desktop jdk.xml.dom" 

Environment Variables:
JAVA_HOME=C:\Users\Juan Alzate\Documents\jdk-17.0.0.1
PATH=C:\Users\Juan Alzate\AppData\Local\Programs\Microsoft VS Code;C:\Program Files (x86)\Common Files\Oracle\Java\javapath;C:\Program Files (x86)\Common Files\Oracle\Java\java8path;C:\Users\Juan Alzate\Documents\jdk-17.0.0.1\bin;C:\WINDOWS\system32;C:\WINDOWS;C:\WINDOWS\System32\Wbem;C:\WINDOWS\System32\WindowsPowerShell\v1.0\;C:\WINDOWS\System32\OpenSSH\;C:\Program Files\dotnet\;C:\Program Files\Git\cmd;C:\Program Files\nodejs\;C:\Users\Juan Alzate\AppData\Local\Programs\Python\Launcher\;C:\Users\Juan Alzate\AppData\Local\Microsoft\WindowsApps;C:\Users\Juan Alzate\AppData\Local\Programs\Microsoft VS Code\bin;C:\Users\Juan Alzate\AppData\Roaming\npm;C:\Users\Juan Alzate\AppData\Local\Programs\cursor\resources\app\bin
USERNAME=Juan Alzate
OS=Windows_NT
PROCESSOR_IDENTIFIER=Intel64 Family 6 Model 190 Stepping 0, GenuineIntel
TMP=C:\TMP
TEMP=C:\TEMP




Periodic native trim disabled

---------------  S Y S T E M  ---------------

OS:
 Windows 10 , 64 bit Build 19041 (10.0.19041.5915)
OS uptime: 0 days 3:02 hours

CPU: total 8 (initial active 8) (8 cores per cpu, 1 threads per core) family 6 model 190 stepping 0 microcode 0xe, cx8, cmov, fxsr, mmx, 3dnowpref, sse, sse2, sse3, ssse3, sse4.1, sse4.2, popcnt, lzcnt, tsc, tscinvbit, avx, avx2, aes, erms, clmul, bmi1, bmi2, adx, sha, fma, vzeroupper, clflush, clflushopt, clwb, serialize, rdtscp, rdpid, fsrm, f16c, pku, cet_ibt, cet_ss
Processor Information for the first 8 processors :
  Max Mhz: 1800, Current Mhz: 1800, Mhz Limit: 1800

Memory: 4k page, system-wide physical 7865M (460M free)
TotalPageFile size 15865M (AvailPageFile size 9M)
current process WorkingSet (physical memory assigned to process): 320M, peak: 320M
current process commit charge ("private bytes"): 392M, peak: 402M

vm_info: OpenJDK 64-Bit Server VM (21.0.10+7-LTS) for windows-amd64 JRE (21.0.10+7-LTS), built on 2026-01-20T00:00:00Z by "admin" with MS VC++ 17.12 (VS2022)

END.
